\BOOKMARK [1][-]{section.1}{\376\377\162\355\116\111\166\370\133\371\213\272\000\072\000\040\162\151\164\006\211\304\137\213\116\345\225\365\154\017\121\340\117\125\116\072\145\366\172\172\200\314\146\157}{}% 1
\BOOKMARK [2][-]{subsection.1.1}{\376\377\225\364\226\224\116\015\123\330\123\312\121\166\133\374\201\364\166\204\145\366\172\172\162\171\137\201\000\054\000\040\162\355\116\111\166\370\133\371\140\047\123\237\164\006}{section.1}% 2
\BOOKMARK [3][-]{subsubsection.1.1.1}{\376\377\121\111\220\037\000\057\225\364\226\224\116\015\123\330\000\054\000\040\225\364\226\224\000\057\145\366\172\172\166\204\122\022\122\006\000\054\000\040\126\340\147\234\137\213}{subsection.1.1}% 3
\BOOKMARK [3][-]{subsubsection.1.1.2}{\376\377\140\357\140\047\123\330\143\142\000\057\155\033\117\046\121\171\000\040\000\142\000\157\000\157\000\163\000\164}{subsection.1.1}% 4
\BOOKMARK [3][-]{subsubsection.1.1.3}{\376\377\126\333\176\364\221\317\166\204\123\117\123\330\140\047\116\016\116\011\176\364\221\317\166\204\166\370\133\371\140\047\000\072\000\040\217\320\122\250\136\366\177\023\000\054\000\040\225\177\136\246\145\066\177\051\000\054\000\040\124\014\145\366\166\370\133\371}{subsection.1.1}% 5
\BOOKMARK [3][-]{subsubsection.1.1.4}{\376\377\162\355\116\111\166\370\133\371\140\047\123\237\164\006\000\072\000\040\162\151\164\006\211\304\137\213\126\333\176\364\123\117\123\330}{subsection.1.1}% 6
\BOOKMARK [2][-]{subsection.1.2}{\376\377\122\233\133\146\166\204\155\033\117\046\121\171\123\117\123\330\140\047\000\073\000\040\145\260\123\321\163\260\000\072\000\040\200\375\122\250\121\163\174\373\116\016\215\050\200\375\173\111\116\367}{section.1}% 7
\BOOKMARK [2][-]{subsection.1.3}{\376\377\165\065\170\301\133\146\166\204\166\370\133\371\213\272\145\110\136\224\000\054\000\040\165\065\122\250\122\233\133\146\166\204\155\033\117\046\123\117\123\117\123\330\140\047}{section.1}% 8
\BOOKMARK [3][-]{subsubsection.1.3.1}{\376\377\121\111\166\204\131\032\146\156\122\322\145\110\136\224\116\016\121\111\210\114\135\356\166\204\116\045\150\074\121\154\137\017}{subsection.1.3}% 9
\BOOKMARK [3][-]{subsubsection.1.3.2}{\376\377\236\246\121\113\145\257\227\346\145\271\172\013\176\304\166\204\126\333\176\364\123\117\123\330\137\142\137\017\000\072\000\040\137\040\221\317\210\150\217\276}{subsection.1.3}% 10
\BOOKMARK [3][-]{subsubsection.1.3.3}{\376\377\122\277\166\204\211\304\203\003\121\227\117\131\000\054\000\040\217\276\147\027\215\035\134\024\145\271\172\013\166\204\126\333\176\364\123\117\123\330\137\017}{subsection.1.3}% 11
\BOOKMARK [3][-]{subsubsection.1.3.4}{\376\377\236\246\121\113\145\257\227\346\145\271\172\013\176\304\165\050\137\256\122\006\137\142\137\017\210\150\217\276}{subsection.1.3}% 12
\BOOKMARK [2][-]{subsection.1.4}{\376\377\155\033\117\046\121\171\177\244\210\150\171\072\213\272}{section.1}% 13
\BOOKMARK [3][-]{subsubsection.1.4.1}{\376\377\153\143\137\123\153\143\145\366\166\204\121\155\116\052\155\033\117\046\121\171\123\330\143\142\166\204\121\167\117\123\137\142\137\017}{subsection.1.4}% 14
\BOOKMARK [3][-]{subsubsection.1.4.2}{\376\377\155\033\117\046\121\171\177\244\166\204\116\000\202\054\147\116\177\244\122\006\147\220\000\054\000\040\127\072\166\204\201\352\145\313\166\204\121\372\163\260\123\312\121\166\116\016\127\072\140\047\215\050\000\040\000\050\150\007\000\057\167\342\000\057\145\313\173\111\000\051\000\040\116\113\225\364\166\204\121\163\174\373\000\205\000\127\000\151\000\147\000\156\000\145\000\162\000\040\133\232\164\006}{subsection.1.4}% 15
\BOOKMARK [3][-]{subsubsection.1.4.3}{\376\377\162\304\142\311\121\113\145\271\172\013\116\016\131\026\134\024\145\271\172\013\166\204\116\045\150\074\133\374\121\372\000\054\000\040\207\272\145\313\000\054\000\040\000\040\167\351\226\065\000\054\000\040\162\304\142\311\121\113\210\150\171\072}{subsection.1.4}% 16
\BOOKMARK [3][-]{subsubsection.1.4.4}{\376\377\165\061\162\304\142\311\121\113\145\313\221\317\147\204\220\040\155\033\117\046\121\171\123\117\123\330\221\317\000\054\000\040\162\304\142\311\121\113\121\161\217\155\000\054\000\040\000\065}{subsection.1.4}% 17
\BOOKMARK [3][-]{subsubsection.1.4.5}{\376\377\162\151\164\006\211\304\137\213\166\204\171\273\145\143\123\330\143\142\140\047\215\050\000\072\000\040\000\103\000\120\000\124\000\040\133\371\171\360\140\047\000\073\000\040\000\103\000\120\000\040\170\064\127\117\000\054\000\040\155\033\117\046\121\171\123\117\123\330\221\317\166\204\217\333\116\000\153\145\122\006\174\173\000\054\000\040\162\304\142\311\121\113\145\271\172\013\116\016\131\026\134\024\145\271\172\013\166\204\171\273\145\143\133\371\171\360\140\047}{subsection.1.4}% 18
\BOOKMARK [1][-]{section.2}{\376\377\122\006\147\220\122\233\133\146\000\072\000\040\127\072\166\204\122\233\133\146\221\317\166\204\203\267\137\227}{}% 19
\BOOKMARK [2][-]{subsection.2.1}{\376\377\153\047\142\311\000\055\142\311\150\074\147\027\145\345\145\271\172\013}{section.2}% 20
\BOOKMARK [2][-]{subsection.2.2}{\376\377\213\372\162\171\133\232\164\006\000\072\000\040\133\371\171\360\140\047\116\016\133\210\140\122\137\213}{section.2}% 21
\BOOKMARK [3][-]{subsubsection.2.2.1}{\376\377\200\375\122\250\137\040\221\317\000\054\000\040\145\366\172\172\136\163\171\373\133\371\171\360\140\047\116\016\200\375\122\250\137\040\221\317\133\210\140\122}{subsection.2.2}% 22
\BOOKMARK [3][-]{subsubsection.2.2.2}{\376\377\172\172\225\364\145\313\217\154\133\371\171\360\140\047\116\016\211\322\122\250\221\317\133\210\140\122\000\054\000\040\201\352\145\313\166\204\121\372\163\260}{subsection.2.2}% 23
\BOOKMARK [2][-]{subsection.2.3}{\376\377\211\304\203\003\116\015\123\330\140\047\123\237\164\006}{section.2}% 24
\BOOKMARK [3][-]{subsubsection.2.3.1}{\376\377\203\167\127\072\166\204\145\164\117\123\211\304\203\003\123\330\143\142\000\040\000\050\166\370\117\115\136\163\171\373\000\051\000\040\133\371\171\360\140\047\123\312\121\166\133\210\140\122\203\167}{subsection.2.3}% 25
\BOOKMARK [3][-]{subsubsection.2.3.2}{\376\377\133\232\127\337\211\304\203\003\123\330\143\142\133\371\171\360\140\047\000\054\000\040\123\117\123\330\133\374\145\160\000\040\000\104\000\054\000\040\203\167\127\072\116\016\211\304\203\003\127\072\166\204\200\046\124\010\000\057\166\370\116\222\117\134\165\050\166\204\137\025\121\145}{subsection.2.3}% 26
\BOOKMARK [1][-]{section.3}{\376\377\133\236\150\007\221\317\127\072\000\072\000\040\226\366\201\352\145\313\147\011\215\050\221\317\145\340\203\167\000\054\000\040\000\060\000\040\116\313\133\120}{}% 27
\BOOKMARK [2][-]{subsection.3.1}{\376\377\150\007\221\317\127\072\166\204\145\271\172\013\000\072\000\040\000\113\000\154\000\145\000\151\000\156\000\055\000\107\000\157\000\162\000\144\000\157\000\156\000\040\145\271\172\013\000\073\000\040\211\343\116\055\215\037\200\375\230\171\166\204\121\372\163\260\000\054\000\040\116\247\165\037\156\156\160\155\173\227\173\046\213\340\221\312\000\054\000\040\127\072\117\115\137\142\000\040\000\050\000\143\000\157\000\156\000\146\000\151\000\147\000\165\000\162\000\141\000\164\000\151\000\157\000\156\000\051}{section.3}% 28
\BOOKMARK [2][-]{subsection.3.2}{\376\377\153\143\122\031\221\317\133\120\123\026\000\072\000\040\122\250\221\317\172\172\225\364\133\371\146\023\121\163\174\373\166\204\215\113\116\210\116\016\174\222\133\120\211\343\166\204\203\267\137\227\000\073\000\040\127\072\117\115\137\142\166\204\217\320\122\250\145\271\172\013}{section.3}% 29
\BOOKMARK [2][-]{subsection.3.3}{\376\377\123\321\145\143\127\372\140\001\200\375\000\054\000\040\123\141\211\177\174\163\134\024\145\110\136\224}{section.3}% 30
\BOOKMARK [2][-]{subsection.3.4}{\376\377\123\125\174\222\133\120\140\001\123\312\121\166\153\143\116\244\137\122\116\000\123\026\122\006\147\220\000\054\000\040\127\120\150\007\172\172\225\364\127\072\173\227\173\046\133\371\146\023\121\163\174\373\000\054\000\040\123\117\123\330\133\371\146\023\137\017}{section.3}% 31
\BOOKMARK [2][-]{subsection.3.5}{\376\377\162\355\116\111\166\370\133\371\213\272\137\256\211\302\126\340\147\234\137\213\133\371\221\317\133\120\127\072\213\272\166\204\211\201\154\102\000\072\000\040\174\222\133\120\201\352\145\313\116\016\133\371\146\023\140\047\000\057\133\371\171\360\140\047\000\057\176\337\213\241\166\204\121\163\174\373}{section.3}% 32
\BOOKMARK [2][-]{subsection.3.6}{\376\377\123\125\174\222\133\120\117\040\144\255\151\202\163\207\136\105\000\072\000\040\215\071\146\374\117\040\144\255\133\120\000\073\000\040\126\333\176\364\162\304\142\311\121\113\000\040\000\040\121\375\145\160}{section.3}% 33
\BOOKMARK [2][-]{subsection.3.7}{\376\377\131\015\150\007\221\317\127\072\000\072\000\040\226\366\201\352\145\313\147\011\215\050\221\317\147\011\203\167\000\054\000\040\000\040\116\313\133\120}{section.3}% 34
\BOOKMARK [1][-]{section.4}{\376\377\131\015\145\313\221\317\127\072\000\072\000\040\000\061\000\057\000\062\000\055\201\352\145\313\147\011\215\050\221\317\147\011\203\167\000\054\000\040\162\304\142\311\121\113\215\071\174\163\133\120}{}% 35
\BOOKMARK [2][-]{subsection.4.1}{\376\377\162\304\142\311\121\113\145\271\172\013\123\312\121\166\121\161\217\155\145\271\172\013\000\054\000\040\154\341\122\051\000\055\162\304\142\311\121\113\210\150\214\141\000\054\000\040\131\026\134\024\145\271\172\013\166\204\142\311\154\017\133\306\136\246\000\054\000\040\232\154\176\246\142\311\176\263\215\071\174\163\133\120\000\054\000\040\217\164\167\342\155\101}{section.4}% 36
\BOOKMARK [2][-]{subsection.4.2}{\376\377\162\304\142\311\121\113\145\271\172\013\166\204\211\343\000\054\000\040\000\165\000\163\000\050\000\160\000\051\000\054\000\040\000\166\000\163\000\050\000\160\000\051\000\054\000\040\000\112\000\157\000\162\000\144\000\141\000\156\000\055\000\167\000\151\000\147\000\156\000\145\000\162\000\040\221\317\133\120\123\026\000\072\000\040\123\315\133\371\146\023\121\163\174\373\166\204\215\113\116\210\000\054\000\040\215\071\146\374\117\040\144\255\133\120}{section.4}% 37
\BOOKMARK [1][-]{section.5}{\376\377\133\236\167\342\221\317\127\072\000\072\000\040\000\061\000\055\201\352\145\313\145\340\203\167\145\340\215\050\221\317\000\054\000\040\121\111\133\120}{}% 38
\BOOKMARK [2][-]{subsection.5.1}{\376\377\165\065\170\301\127\072\166\204\221\317\133\120\123\026}{section.5}% 39
\BOOKMARK [3][-]{subsubsection.5.1.1}{\376\377\217\220\134\004\211\304\203\003\221\317\133\120\123\026\000\054\000\040\133\371\146\023\121\163\174\373\166\204\117\356\145\071\000\054\000\040\145\340\145\143\000\040\000\040\121\375\145\160}{subsection.5.1}% 40
\BOOKMARK [3][-]{subsubsection.5.1.2}{\376\377\123\117\123\330\000\040\000\050\155\033\117\046\203\050\211\304\203\003\000\051\000\040\221\317\133\120\123\026\000\054\000\040\142\311\154\017\133\306\136\246\166\204\117\356\145\071\000\054\000\040\215\071\146\374\211\304\203\003\000\054\000\040\000\107\000\165\000\160\000\164\000\141\000\055\000\102\000\154\000\145\000\165\000\154\000\145\000\162\000\040\147\141\116\366\000\054\000\040\150\007\221\317\121\111\133\120\116\016\176\265\124\021\221\317\133\120\166\370\155\210\000\054\000\040\233\074\140\001}{subsection.5.1}% 41
\BOOKMARK [2][-]{subsection.5.2}{\376\377\147\011\215\050\221\317\167\342\221\317\127\072\000\054\000\040\215\050\221\317\170\064\127\117\211\304\203\003\123\330\143\142}{section.5}% 42
\BOOKMARK [1][-]{section.6}{\376\377\221\317\133\120\127\072\213\272\166\204\154\333\121\375\210\150\217\360\000\072\000\040\215\357\137\204\171\357\122\006\221\317\133\120\123\026}{}% 43
\BOOKMARK [2][-]{subsection.6.1}{\376\377\154\333\121\375\137\256\171\357\122\006\127\372\170\100\000\054\000\040\221\317\133\120\127\072\213\272\116\055\137\303\173\111\137\017\000\054\000\040\150\074\142\311\145\257\146\374\145\160}{section.6}% 44
\BOOKMARK [3][-]{subsubsection.6.1.1}{\376\377\232\330\145\257\171\357\122\006\000\054\000\040\232\330\145\257\221\315\171\357\122\006\000\054\000\040\232\330\145\257\167\351}{subsection.6.1}% 45
\BOOKMARK [3][-]{subsubsection.6.1.2}{\376\377\154\333\121\375\171\357\122\006\000\054\000\040\232\330\145\257\154\333\121\375\171\357\122\006}{subsection.6.1}% 46
\BOOKMARK [3][-]{subsubsection.6.1.3}{\376\377\154\333\121\375\137\256\125\106\000\054\000\040\221\317\133\120\127\072\213\272\116\055\137\303\173\111\137\017}{subsection.6.1}% 47
\BOOKMARK [3][-]{subsubsection.6.1.4}{\376\377\150\074\142\311\145\257\146\374\145\160\000\040\000\050\131\026\116\343\145\160\000\051\000\040\123\312\121\166\137\256\171\357\122\006}{subsection.6.1}% 48
\BOOKMARK [2][-]{subsection.6.2}{\376\377\221\317\133\120\122\233\133\146\166\204\215\357\137\204\171\357\122\006\210\150\217\360\000\054\000\040\173\227\173\046\177\026\145\366\171\357\000\054\000\040\165\037\142\020\154\333\121\375\000\054\000\040\000\102\000\145\000\164\000\150\000\145\000\055\000\123\000\141\000\154\000\160\000\145\000\164\000\145\000\162\000\040\145\271\172\013}{section.6}% 49
\BOOKMARK [2][-]{subsection.6.3}{\376\377\221\317\133\120\127\072\213\272\166\204\215\357\137\204\171\357\122\006\137\142\137\017}{section.6}% 50
\BOOKMARK [3][-]{subsubsection.6.3.1}{\376\377\221\317\133\120\127\072\213\272\116\055\166\204\215\357\137\204\171\357\122\006\123\312\121\166\116\016\221\317\133\120\122\233\133\146\116\055\166\204\123\072\122\053\116\016\200\124\174\373\000\054\000\040\127\072\117\115\137\142\123\312\121\166\000\040\000\140\000\140\215\205\205\233\133\232\214\024\145\271\172\013\000\047\000\047\000\054\000\040\165\037\142\020\154\333\121\375\000\054\000\040\150\074\147\227\121\375\145\160}{subsection.6.3}% 51
\BOOKMARK [3][-]{subsubsection.6.3.2}{\376\377\201\352\165\061\150\007\221\317\127\072\000\057\145\313\221\317\127\072\116\016\167\342\221\317\127\072\166\204\117\040\144\255\133\120\000\054\000\040\165\037\142\020\154\333\121\375\116\016\116\044\160\271\121\163\200\124\121\375\145\160}{subsection.6.3}% 52
\BOOKMARK [1][-]{section.7}{\376\377\166\370\116\222\117\134\165\050\127\072\213\272\000\040\000\050\145\143\134\004\143\057\136\105\000\057\142\052\227\142\166\204\213\241\173\227\000\051\000\072\000\040\116\345\000\040\000\064\000\040\152\041\127\213\000\054\000\040\000\131\000\165\000\153\000\141\000\167\000\141\000\040\164\006\213\272\116\016\000\040\000\121\000\105\000\104\000\040\173\111\116\072\117\213}{}% 53
\BOOKMARK [2][-]{subsection.7.1}{\376\377\000\121\000\105\000\104\000\040\173\111\127\372\147\054\166\370\116\222\117\134\165\050\000\054\000\040\000\064\000\040\152\041\127\213\000\054\000\040\000\131\000\165\000\153\000\141\000\167\000\141\000\040\164\006\213\272}{section.7}% 54
\BOOKMARK [2][-]{subsection.7.2}{\376\377\166\370\116\222\117\134\165\050\127\072\213\272\166\204\127\372\147\054\164\006\213\272\135\345\121\167}{section.7}% 55
\BOOKMARK [3][-]{subsubsection.7.2.1}{\376\377\116\011\171\315\176\330\146\157\000\054\000\040\166\370\116\222\117\134\165\050\176\330\146\157\116\013\166\204\145\366\225\364\157\024\123\026\173\227\173\046\000\054\000\040\000\123\000\040\167\351\226\065\000\054\000\040\145\143\134\004\143\057\136\105\000\073\000\040\121\163\200\124\121\375\145\160\000\054\000\040\176\364\121\113\133\232\164\006}{subsection.7.2}% 56
\BOOKMARK [3][-]{subsubsection.7.2.2}{\376\377\116\345\000\040\000\064\000\040\164\006\213\272\166\204\121\163\200\124\121\375\145\160\116\072\117\213\000\072\000\040\217\336\220\032\126\376\000\054\000\040\121\150\217\336\220\032\126\376\000\073\000\040\147\011\145\110\145\143\134\004\126\376\000\072\000\040\121\150\200\124\220\032\000\053\142\052\145\255\000\073\000\040\166\370\116\222\117\134\165\050\116\013\166\204\117\040\144\255\133\120\000\072\000\040\000\061\000\120\000\111\000\040\126\376\000\054\000\040\201\352\200\375\000\073\000\040\000\114\000\123\000\132\000\040\176\246\123\026\121\154\137\017}{subsection.7.2}% 57
\BOOKMARK [3][-]{subsubsection.7.2.3}{\376\377\000\064\000\040\164\006\213\272\166\204\145\143\134\004\167\351\226\065\123\312\121\166\215\071\146\374\126\376}{subsection.7.2}% 58
\BOOKMARK [3][-]{subsubsection.7.2.4}{\376\377\210\160\123\330\133\275\136\246\000\054\000\040\145\143\134\004\142\052\227\142}{subsection.7.2}% 59
\BOOKMARK [2][-]{subsection.7.3}{\376\377\000\131\000\165\000\153\000\141\000\167\000\141\000\040\164\006\213\272}{section.7}% 60
\BOOKMARK [3][-]{subsubsection.7.3.1}{\376\377\116\345\121\340\116\052\217\307\172\013\116\072\117\213\000\072\000\040\145\143\134\004\143\057\136\105\123\312\121\166\215\071\146\374\126\376\116\016\215\071\146\374\211\304\122\031\000\054\000\040\150\021\126\376\000\040\000\050\123\312\121\166\116\055\140\047\206\132\174\222\133\120\000\051\000\054\000\040\127\010\126\376\000\040\000\050\116\016\121\111\133\120\201\352\200\375\000\051}{subsection.7.3}% 61
\BOOKMARK [3][-]{subsubsection.7.3.2}{\376\377\116\244\123\311\133\371\171\360\140\047\000\054\000\040\000\163\000\057\000\164\000\057\000\165\000\055\000\143\000\150\000\141\000\156\000\156\000\145\000\154\000\054\000\040\000\115\000\141\000\156\000\144\000\145\000\154\000\163\000\164\000\141\000\155\000\040\123\330\221\317}{subsection.7.3}% 62
\BOOKMARK [3][-]{subsubsection.7.3.3}{\376\377\000\131\000\165\000\153\000\141\000\167\000\141\000\040\122\277}{subsection.7.3}% 63
\BOOKMARK [2][-]{subsection.7.4}{\376\377\221\317\133\120\165\065\122\250\122\233\133\146\000\072\000\040\165\065\170\301\145\143\134\004\217\307\172\013\143\057\136\105\166\204\116\214\226\066\000\040\000\050\150\021\126\376\000\051\000\040\217\321\117\074}{section.7}% 64
\BOOKMARK [1][-]{section.8}{\376\377\127\010\126\376\123\321\145\143\123\312\000\040\000\050\123\125\127\010\000\051\000\040\221\315\145\164\123\026\000\072\000\040\116\345\221\317\133\120\165\065\122\250\122\233\133\146\116\072\117\213}{}% 65
\BOOKMARK [2][-]{subsection.8.1}{\376\377\000\127\000\141\000\162\000\144\000\055\000\124\000\141\000\153\000\141\000\150\000\141\000\163\000\150\000\151\000\040\140\122\173\111\137\017\000\054\000\040\121\111\133\146\133\232\164\006}{section.8}% 66
\BOOKMARK [1][-]{section.9}{\376\377\221\317\133\120\202\162\122\250\122\233\133\146\000\054\000\040\147\150\000\055\000\115\000\151\000\154\000\154\000\163\000\040\164\006\213\272}{}% 67
\BOOKMARK [2][-]{subsection.9.1}{\376\377\131\070\121\113\000\072\000\040\121\155\171\315\124\163\116\016\116\011\171\315\203\167\000\054\000\040\202\162\172\172\225\364\166\204\000\040\000\123\000\125\000\050\000\063\000\051\000\040\211\304\203\003\123\330\143\142\000\054\000\040\121\153\171\315\200\366\133\120\000\054\000\040\147\150\000\055\000\115\000\151\000\154\000\154\000\163\000\040\211\304\203\003\127\072\142\311\154\017\133\306\136\246}{section.9}% 68
\BOOKMARK [2][-]{subsection.9.2}{\376\377\147\150\000\055\000\115\000\151\000\154\000\154\000\163\000\040\127\072\166\204\215\357\137\204\171\357\122\006\221\317\133\120\123\026\000\054\000\040\000\106\000\141\000\144\000\144\000\145\000\145\000\166\000\055\000\120\000\157\000\160\000\157\000\166\000\040\145\271\154\325}{section.9}% 69
\BOOKMARK [2][-]{subsection.9.3}{\376\377\000\102\000\122\000\123\000\124\000\040\133\371\171\360\140\047}{section.9}% 70
\BOOKMARK [1][-]{section.10}{\376\377\165\065\137\061\176\337\116\000\000\072\000\040\000\107\000\127\000\123\000\040\164\006\213\272\000\073\000\040\150\007\121\306\152\041\127\213}{}% 71
\BOOKMARK [2][-]{subsection.10.1}{\376\377\165\065\137\061\166\370\116\222\117\134\165\050\166\204\142\311\154\017\133\306\136\246\000\072\000\040\116\345\217\173\133\120\116\072\117\213\000\073\000\040\122\035\131\313\217\173\133\120\145\340\215\050\221\317\000\073\000\040\137\061\124\014\117\115\145\313\000\054\000\040\137\061\215\205\203\167\000\073\000\040\156\051\117\057\150\074\217\154\122\250\000\054\000\040\137\061\155\367\124\010\211\322\000\073\000\040\000\107\000\145\000\154\000\154\000\055\000\115\000\141\000\156\000\156\000\055\000\116\000\151\000\163\000\150\000\151\000\152\000\151\000\155\000\141\000\040\121\154\137\017\000\073\000\040\137\061\124\014\117\115\145\313\166\204\136\046\165\065\155\101\116\016\116\055\140\047\155\101}{section.10}% 72
\BOOKMARK [2][-]{subsection.10.2}{\376\377\145\164\117\123\211\304\203\003\133\371\171\360\140\047\166\204\201\352\123\321\170\064\177\072\000\054\000\040\136\014\150\074\145\257\127\072\000\054\000\040\000\107\000\157\000\154\000\144\000\163\000\164\000\157\000\156\000\145\000\040\133\232\164\006\000\073\000\040\133\232\127\337\170\064\177\072\000\054\000\040\136\014\150\074\145\257\147\072\122\066\000\072\000\040\211\304\203\003\127\072\124\003\143\211\000\040\000\107\000\157\000\154\000\144\000\163\000\164\000\157\000\156\000\145\000\040\163\273\202\162\133\120\203\267\137\227\215\050\221\317\000\073\000\040\000\127\000\054\000\040\000\132\000\060\000\040\116\345\123\312\217\173\133\120\166\204\215\050\221\317\166\204\203\267\137\227}{section.10}% 73
\BOOKMARK [2][-]{subsection.10.3}{\376\377\131\070\121\113\166\204\137\061\117\134\165\050\000\054\000\040\000\103\000\113\000\115\000\040\167\351\226\065}{section.10}% 74
\BOOKMARK [2][-]{subsection.10.4}{\376\377\174\222\133\120\162\151\164\006\166\204\150\007\121\306\152\041\127\213}{section.10}% 75
