\BOOKMARK [1][-]{section.1}{狭义相对论: 物理规律以闵氏几何为时空背景}{}% 1
\BOOKMARK [2][-]{subsection.1.1}{间隔不变及其导致的时空特征, 狭义相对性原理}{section.1}% 2
\BOOKMARK [3][-]{subsubsection.1.1.1}{光速/间隔不变, 间隔/时空的划分, 因果律}{subsection.1.1}% 3
\BOOKMARK [3][-]{subsubsection.1.1.2}{惯性变换/洛伦兹 boost}{subsection.1.1}% 4
\BOOKMARK [3][-]{subsubsection.1.1.3}{四维量的协变性与三维量的相对性: 间隔膨胀, 长度收缩, 同时相对}{subsection.1.1}% 5
\BOOKMARK [3][-]{subsubsection.1.1.4}{狭义相对性原理: 物理规律四维协变}{subsection.1.1}% 6
\BOOKMARK [2][-]{subsection.1.2}{力学的洛伦兹协变性; 新发现: 能动关系与质能等价}{section.1}% 7
\BOOKMARK [2][-]{subsection.1.3}{电磁学的相对论效应, 电动力学的洛伦协协变性}{section.1}% 8
\BOOKMARK [3][-]{subsubsection.1.3.1}{光的多普勒效应与光行差的严格公式}{subsection.1.3}% 9
\BOOKMARK [3][-]{subsubsection.1.3.2}{麦克斯韦方程组的四维协变形式}{subsection.1.3}% 10
\BOOKMARK [3][-]{subsubsection.1.3.3}{势的规范冗余, 达朗贝尔方程的四维协变式}{subsection.1.3}% 11
\BOOKMARK [3][-]{subsubsection.1.3.4}{麦克斯韦方程组用微分形式表达}{subsection.1.3}% 12
\BOOKMARK [2][-]{subsection.1.4}{洛伦兹群表示论}{section.1}% 13
\BOOKMARK [3][-]{subsubsection.1.4.1}{正当正时的六个洛伦兹变换的具体形式}{subsection.1.4}% 14
\BOOKMARK [3][-]{subsubsection.1.4.2}{洛伦兹群的一般李群分析, 场的自旋的出现及其与场性质 \(标/矢/旋等\) 之间的关系–Wigner 定理}{subsection.1.4}% 15
\BOOKMARK [3][-]{subsubsection.1.4.3}{狄拉克方程与外尔方程的严格导出, 螺旋,  矩阵, 狄拉克表示}{subsection.1.4}% 16
\BOOKMARK [3][-]{subsubsection.1.4.4}{由狄拉克旋量构造洛伦兹协变量, 狄拉克共轭, 5}{subsection.1.4}% 17
\BOOKMARK [3][-]{subsubsection.1.4.5}{物理规律的离散变换性质: CPT 对称性; CP 破坏, 洛伦兹协变量的进一步分类, 狄拉克方程与外尔方程的离散对称性}{subsection.1.4}% 18
\BOOKMARK [1][-]{section.2}{分析力学: 场的力学量的获得}{}% 19
\BOOKMARK [2][-]{subsection.2.1}{欧拉-拉格朗日方程}{section.2}% 20
\BOOKMARK [2][-]{subsection.2.2}{诺特定理: 对称性与守恒律}{section.2}% 21
\BOOKMARK [3][-]{subsubsection.2.2.1}{能动张量, 时空平移对称性与能动张量守恒}{subsection.2.2}% 22
\BOOKMARK [3][-]{subsubsection.2.2.2}{空间旋转对称性与角动量守恒, 自旋的出现}{subsection.2.2}% 23
\BOOKMARK [2][-]{subsection.2.3}{规范不变性原理}{section.2}% 24
\BOOKMARK [3][-]{subsubsection.2.3.1}{荷场的整体规范变换 \(相位平移\) 对称性及其守恒荷}{subsection.2.3}% 25
\BOOKMARK [3][-]{subsubsection.2.3.2}{定域规范变换对称性, 协变导数 D, 荷场与规范场的耦合}{subsection.2.3}% 26
\BOOKMARK [1][-]{section.3}{实标量场: 零自旋有质量无荷, 0 介子}{}% 27
\BOOKMARK [2][-]{subsection.3.1}{标量场的方程: Klein-Gordon 方程; 解中负能项的出现, 产生湮灭算符诠释}{section.3}% 28
\BOOKMARK [2][-]{subsection.3.2}{动量空间对易关系的赋予与粒子解的获得, 基态能发散}{section.3}% 29
\BOOKMARK [2][-]{subsection.3.3}{卡西米尔效应}{section.3}% 30
\BOOKMARK [2][-]{subsection.3.4}{单粒子态及其正交归一化分析, 坐标空间场算符对易关系, 协变对易式}{section.3}% 31
\BOOKMARK [2][-]{subsection.3.5}{狭义相对论微观因果律对量子场论的要求: 粒子自旋与对易性/对称性/统计的关系}{section.3}% 32
\BOOKMARK [2][-]{subsection.3.6}{费曼传播子}{section.3}% 33
\BOOKMARK [2][-]{subsection.3.7}{复标量场: 零自旋有质量有荷,  介子}{section.3}% 34
\BOOKMARK [1][-]{section.4}{复旋量场: 1/2-自旋有质量有荷, 狄拉克费米子}{}% 35
\BOOKMARK [2][-]{subsection.4.1}{狄拉克方程及其共轭方程, 泡利-狄拉克表象, 外尔方程的拉氏密度}{section.4}% 36
\BOOKMARK [2][-]{subsection.4.2}{狄拉克方程的解}{section.4}% 37
\BOOKMARK [1][-]{section.5}{实矢量场: 1-自旋无荷无质量, 光子}{}% 38
\BOOKMARK [2][-]{subsection.5.1}{电磁场的量子化}{section.5}% 39
\BOOKMARK [3][-]{subsubsection.5.1.1}{辐射规范量子化, 对易关系的修改: 无散  函数}{subsection.5.1}% 40
\BOOKMARK [3][-]{subsubsection.5.1.2}{协变 \(洛伦茨规范\) 量子化, 拉氏密度的修改: 费曼规范, Gupta-Bleuler 条件, 标量光子与纵向量子相消, 鬼态}{subsection.5.1}% 41
\BOOKMARK [2][-]{subsection.5.2}{有质量矢量场, 质量破坏规范变换}{section.5}% 42
\BOOKMARK [1][-]{section.6}{路径积分量子化}{}% 43
\BOOKMARK [1][-]{section.7}{相互作用场论}{}% 44
